<?xml version="1.0" encoding="UTF-8"?>
<testsuite xmlns:xsi="http://www.w3.org/2001/XMLSchema-instance" xsi:noNamespaceSchemaLocation="https://maven.apache.org/surefire/maven-surefire-plugin/xsd/surefire-test-report-3.0.xsd" version="3.0" name="com.itheima.TliasWebManagementApplicationTests" time="0.335" tests="3" errors="1" skipped="0" failures="0">
  <properties>
[...]
</properties>
  <testcase name="testUuid" classname="com.itheima.TliasWebManagementApplicationTests" time="0.104">
    <system-out><![CDATA[f838d159-00d9-4281-ae5a-216e01bf2488
b69e615b-4598-490b-92f4-32ca8436fc49
f98cd399-5136-4c57-aa09-36d18d7d70fa
6e1170cb-a317-483e-9e67-3c3d8843370c
46b06f82-aae1-4c03-ba15-d5b76cb28f16
3170c0dd-556f-43cb-86af-266e865ab036
52d10639-f3b5-411f-b628-80eaa5b28a21
e14d694a-88d4-4328-a32a-ec202d85762c
2f7787df-c240-4f3b-915b-dd7e65559b58
129fa49d-9e61-41a5-b2db-2a4a79399861
914a513f-4fa5-4bc6-89a5-bcc1946eb7d9
af5f932e-b127-492a-addf-d8a484511e91
49ed5057-2123-48a3-9690-a341306b5dbd
b217e613-b3a9-4c77-9d63-c51f16146004
dcfdd99f-bafa-496e-b87e-b79db7fab7c7
77b06108-98af-4dd3-8800-a5b1b2903428
26f5bc77-7d69-4c35-b249-e435f3fe1759
f49f9a0a-f060-46bf-a6e0-f22997f9b4d6
d75784de-7082-4595-8925-553927f14fbd
37355790-4a1f-4b25-938e-8da060f9d34f
c2862f51-5b5e-49e7-9cd3-030866193b1f
f30f8eea-a2c7-45e0-8094-f96d01baab29
d0e975eb-01d7-41c5-9c83-090129203c3c
44f8c7b1-2616-4f55-88a0-033b34b05d7f
e1a90208-28aa-4c50-9bea-85b8e1fee23c
f9ad2506-2738-4f3a-acb3-9518782b6159
50615ae7-3266-432f-a17e-bcc248e48124
bea7b961-1036-446f-9945-ce5474d61469
b0e8c87f-4d85-4efd-9bfa-de2b9e97d55c
127053e4-49ab-43f2-8fde-29810dc7bcc0
05621ffc-2711-4d68-9ba6-519b1ac05061
8b459aca-50f8-48e9-8ef8-e1c8c024b21d
c48f83ce-843d-458f-9a82-5c4837b75f8c
66e3c357-3ee9-484c-9fbb-0902be739076
ca24407d-1aff-4904-9bae-113e798d74cf
87eb47f4-8dcc-47a1-ba9f-b8a503040478
ada88b3f-c9e5-4e60-b36c-b995ac9f861d
77836778-804c-4232-b6ac-032515e99b9b
c549b3fe-1142-49ce-8284-401f5fe77c29
2137815b-9324-466b-87fb-3d24055fbf14
b09102d1-5636-4388-aa3a-d856673fdc2a
1f5f2272-763c-44fd-90e4-4282b9f53036
5ac08c27-853a-40b6-bc81-324a397bffe6
66bd9be4-69c2-4ebf-ad76-83466f11738d
80ae4c37-6ecc-408d-8ddf-75277bdce6a0
9fcb62a5-f319-4a1a-a8d1-efe6ab72d4af
18d6e87b-1ea5-45ba-bc41-48995e18d249
bc43c46f-ff11-4ca6-85cb-b033d8b11425
a3cede47-456b-4667-b838-7ff36a65a38c
1c393292-8dcb-4afc-bba2-2735a25c463d
91d21310-b09e-4bfc-9a97-17ac2e15d571
5b3c5781-0955-4ed5-a992-e85ca4e177b7
6c6d238b-69e4-4945-b91a-2f646c8bcd63
d42ca18c-12c2-4072-b5dd-65d23b22c437
a0974e22-8229-434c-b32f-5c43eb901c85
6f17cc1f-f328-4620-bb25-eaf5e212c20a
9b568ea9-3135-4203-b8a0-3441ef1dfa63
eb6c1c46-bbb7-4654-be35-496283837973
9109e00b-28ea-47b6-935b-8c6160bf5d7a
26b55831-0989-4d0e-9001-16172fb99a7c
6527b0fe-4baf-4cca-ba0b-d8b5d3b17f13
7f8d0d33-d7e4-4778-876f-6decd37cc11b
b6c25cb5-dbb8-432a-bcb2-eaa60bbf3b27
657f98ce-b60e-4478-a400-8a10017f3590
9c043b52-8f9a-4dac-99a5-7df1591b3c6f
b49a2b8e-59d6-462d-ac36-2e183f3d9c40
75cf220f-ca1f-46a3-b861-8a01c4784ded
6acd3152-8f69-487f-87db-643a20584276
e26fddce-4fbb-4a72-b201-c69cfa81c56c
27696a94-f001-4691-aba2-3a67c552ab51
0000b776-dff2-47da-bf46-0c8b5daff6e7
45e156a5-d02a-4465-9251-c2a6ca8f6017
382d6b7e-339c-4d82-aee0-3e272f820c32
92b8862c-1b8f-49cf-a248-8fafb92750a0
0a3486e6-add9-4f68-b0f0-7e5d61ab5989
7bcff98b-4bd2-4776-8ba4-8a28713edf74
f9461296-19b5-4ddc-bd0e-a602df29096a
01aa73d3-b4e5-4846-a175-af56de14a2d0
e4a91cd6-bfe3-461e-8284-6e93c1f809fc
9c2577ac-3fe4-4ba8-9868-dbf136f264d7
6e92809b-a4f0-4b46-9169-deeeab5b1d57
40d1ce56-2132-49e5-97cf-eb6c149c0f04
3ba8448e-7c1d-4688-8b42-8cdd6d945314
324abd6f-8554-48d3-bfa1-3d5911eda19a
5da9342c-f846-4276-aa73-35d23b657b37
1a502c7f-63ac-444b-9843-a41f53583812
d27f35c3-a45d-44f3-a9e4-6815558eef46
5fe42f0a-bfcf-45cd-beb3-cda4d2290aa2
5c797f5d-6c4a-4ea2-a412-df40de460f0f
3d03daa9-7598-4bcc-8bf6-4450851f1e0e
1198bfd1-c680-4b46-bbde-523f7191ace4
da549cb4-07f5-4c6b-94c3-65f47c71cbbf
e97d878c-43a1-4c7c-99eb-f94286c56698
e9b675d1-9d25-4322-9b64-551cc1b4ddd0
a2a0908f-a396-4a7a-bc3d-1520178a6624
1dc21f00-0aa8-4e7e-8439-a73a34480a95
8f472a18-5c54-4379-a8cf-3be42252668b
5e9b3340-1474-4bd0-aceb-98f405f47781
b108b819-71c6-497f-a531-005859de7628
f958e9b4-9a3b-47cd-8a8b-6e78b944b8bd
4ccd3607-0728-4984-8721-2fb5dff942c9
f8032bc8-cf11-4653-8ed3-ca794f205922
aeaef647-ba3d-4da5-934a-f74f2099e383
94677002-6274-4dc9-ace6-33982686783f
373a6046-004f-4bd6-8984-aa47844b02bc
990e8483-7b72-4cd0-932b-49fb35a37d37
3f3021c1-75ce-484d-aaf7-39398fd55b8d
dc1cd47f-6521-4535-8466-078dbf43da45
43e55859-68de-4106-ba52-d2229d9996c7
9de52c20-88e9-4309-9f4a-77fbf60ffb35
0978cdc8-57c5-4826-946d-4fee646565a6
55330860-ff5f-445e-8cde-4a57c3eedccd
adb862a9-e973-4703-a1fa-dae383a9f16c
db78f400-3e12-42d2-92ad-703512715d9c
5f8e4e83-012b-4d66-9e12-c69f1e6c2644
20b921be-29a4-4226-a1f1-64756384be02
bf99fca8-a23d-469a-83fd-13e43e697895
17b75644-a16a-43ca-a21b-18380357c8b9
00ef8789-927d-49e6-b7c9-f8f8eb6abaac
9dbf48d6-1bed-43c1-8266-68a512dec295
70317950-75e1-4f8a-b942-50728fe723f7
f332a88c-ad7f-4436-bbce-a3fbe5815d6c
959b6283-b1ef-4f6f-a86d-d7a231e3efed
242538a7-b6bb-40a4-a42c-db75cf08e02c
19742e58-3550-4b00-afd8-dd7cc882da79
8c05a9b5-e00b-4c5f-8c9f-c7ec62102e2c
0156b460-0238-4db1-9d43-766d059f2eda
ae12aaf9-457f-4d1b-92ab-7b9093855635
40f3b32b-b689-45fe-9e8b-44be0a9ee20b
b68dbcbb-14dd-4182-bd1b-47d497b737e4
9c21c763-cd61-426d-8d70-a5ffc1cffdf3
77ca9040-61f5-4984-b2ad-a7764d534b9a
9f57b041-f08d-432f-96d7-dbc286d2b103
c1a4692a-8c4a-45d2-81ba-d048af79f8ef
2e9b0f08-06e1-4253-a9d5-c72d17a71025
37ec82fb-7485-4af2-8e4e-d53c646d7a86
50597e65-8eb8-4d4f-9af8-a2e67fd86ffe
5a539da1-6791-4a6a-a69e-e79471b06347
ec50cbc2-87f1-42cf-a81a-39f2e0105ab8
1a9c1ea4-3ff7-4057-8698-1664d4a8f824
8bb83884-0352-4d77-b09e-430ad07bb6dc
37acae43-ee49-4d13-b591-f692425db061
952a6cd6-6e7a-4004-8812-1d9b54202e82
7da13e9d-0188-48af-bc1b-bae02248bb95
a11fc7a7-44dc-415a-9431-57d2854a6565
ea046a83-fc6c-40fe-bcda-4091b81a63e5
fe587a6f-ddf4-40cf-aa45-1e0f4eedd5ee
f53912a7-a5b1-425e-a556-19920c7ecb58
e44033db-8ec0-42b7-80ed-298ec56ef4c2
99b4a79b-198c-4f12-8f6f-219086b1a544
e27e6d61-b009-4869-8691-5d5a77a37098
80ed06fe-83e7-42d0-91fc-d234be9901af
05b4f177-d383-4f1c-a967-13ef1d1a7740
65eabc95-c660-4ff5-b652-431929145bed
8ba9737a-130b-478e-a587-6a32981b03ba
26a0b525-939d-41b1-8e4d-f795524fe2c9
d4cc76b2-8c3e-4bbc-9918-8ec72e320c41
53878fa1-b99c-4827-9659-d5ca0f17de1c
4e4d03b7-9572-4be4-a22c-55014189ae88
750c8cf4-1e50-4660-a39a-757fc15a59c8
605dd09f-12b1-4a7b-bbdf-dfbba402673f
33a8074b-cdaa-4929-ab04-92e2bd2f4c31
8443c7f6-92aa-441a-9654-d446bbef6e83
7b2969c8-10c8-4ca8-956a-87856d2c54de
623149ed-c5a2-4148-a6d1-9af64add2da5
eb8ac1ed-9db4-4184-98cb-cb862dd522aa
a7671878-8f14-45bf-aec2-0b26477e9df5
11a38020-bf89-40e3-9c48-b82172309e30
1a12254b-627a-4b0f-9df6-78e15ce37808
b69ec649-1d5d-4a8a-8909-3c7edded181e
9c2e5d04-dc58-487b-b41c-0c33a313d0c3
a93805f3-4096-41a1-9d02-709bf2a08e8d
0a879650-7960-4f18-9c04-5fa7eccf817c
18841255-e8e4-4baf-bc27-ee8e26c1cfc8
a63cf74f-3db6-434c-badc-dc7d1bd83a62
e4bec195-fe21-479a-bae7-3cc6d4d63c58
33fedb83-effd-4c74-87f6-b99360567782
8efdcd23-d7c4-4351-a475-dc2110abee8e
aa259098-c2f6-4e45-8eb5-401e21bb93ad
48adae30-f023-4f3c-bdda-c24be0c00f27
af4bc301-4d5b-4163-b6bc-de8c8cb78900
5efaa606-54f6-4812-ba4a-a951b674d562
b348ff16-dd13-40e5-859e-04fb24307f43
a1aa32ce-86d5-42eb-b5c2-56eb88e61960
9253d0b4-0215-4bca-86fe-4d485f3811a0
cff14732-3cf6-460a-99e5-2e3cd57e6ac9
b1b4ffae-fc8e-4255-92d1-8d3415fc5a2f
c810b369-e7b8-463e-b355-7ef4c436e90a
4bba7875-189a-40c9-9e48-1a649a30b641
036ca410-2bbd-4e81-a97e-aef79478a3aa
4fba01b1-3e5a-4e00-b179-975a97f19c96
5c8cf7f8-6bb3-4b9c-88c1-341643be91e2
54144a46-594b-4acb-8668-51dbf45e8787
2797cfc2-58f3-4b98-88fc-ba023e3855c8
1bd9ccf6-edb2-4864-b9cb-27d9025d74a5
90c436b3-e87c-4660-8efd-ed2e0f397f06
b9cf6895-a1f8-433f-b2cb-98c3e3bbd5b8
af9990ce-c059-4cb9-bcec-2beb90299203
9e53a588-9994-4aae-92d0-090d40b5445f
2e9b44a2-6313-4430-8995-ea8c3a1a20c5
e5460adc-fde5-4f08-aacf-d3db7be06a5d
1d112d00-14f4-400c-b370-7f0113f6baab
a87eac49-8e22-49bc-a047-32e56ace7811
2b489544-e915-4cfd-98b2-13bc057fcab5
47f85f28-4997-4ca7-b5d3-56d53345bf8d
780fcd54-6f0b-474e-afd7-aeab02268961
75f8e93d-6bd8-4cfc-ac0e-bc58338bc464
4cd2817a-4261-4306-bdf7-8d4090953114
115cf6a2-1397-4626-b7d6-91966fa3b708
eef83f69-35d5-4856-8b9a-0230d983f21e
299e28c5-ad6e-46df-93bf-d02c43585ff3
6e2ec880-fbef-4958-af7c-cf9cc037da07
b71b7430-eb89-4b4a-a922-04d3920c2ff7
16152cb8-0b40-48ae-a61d-4c6261113979
4910c90b-7477-44c9-83d9-8d1196f82a92
3e06936b-fb5e-44ce-87a1-5254a0a5ccd9
c2e01a99-ecd6-448e-9133-0cfb527821f9
0b65a7cb-52de-4597-be16-1891cb510bcb
1e099015-d8a6-4986-a3ad-3528d676c780
efb5b146-5789-431b-ad28-a4fed8f5c452
7e502109-d8b0-4e45-b3d6-e8a82e070493
92d9ea43-1767-4caf-8557-70b579a523c5
a5a011b0-6e52-4f80-ace0-6bb5064bedc7
55242b69-bcc6-41c2-b20e-965273ee2cd8
939d1802-652e-44fc-9800-018b703d08e9
a480a3c4-fc16-4bf2-b29b-ebc53511b83d
14121c41-12cb-452b-bec4-4d9569a349f1
602b27c9-bbbd-4a89-a32f-095f69f0981a
8690a8a1-d195-4235-a1e5-e18af04b5b90
273fc59e-003b-47af-b416-dcda92167343
a7e98ccb-9f1f-4199-bd90-1bdf1ca4b4af
9a7a173d-40f2-4b84-b8ec-7845a78e2a26
16d07ed7-0b99-4206-abf3-c12b68fa31f2
9884c52a-96b0-4d48-bf1c-ee3e06a537e2
1bc9a247-66e3-4cc8-a3b7-6481e0413b94
00719dd7-1373-4524-bf4d-f56c6bc9bae8
859be244-2f21-40de-9622-3e8fe263a056
3db2dbc4-3052-40b7-9742-52bd5ff4ceb5
c81d610f-32ac-47c3-9c50-91849949b5c3
e46472a4-88d5-4e13-a929-3663aeee9ec7
35d0c0d3-c818-4cb7-bcd3-0a553882a7fa
10f05b44-8575-48cd-80d4-9bd864e1ea76
3c7e8c9e-7c8c-4404-aecc-b66df65562ba
b8d54626-5836-4eb4-8491-c370b00f70e6
91f29e98-ad29-4449-8270-e104eb0655e7
0fd67a0c-b7c7-4bc0-ad10-2707cbf1aca7
af9ab8cc-16cc-4413-9452-709eee402230
d0b67358-1219-4c68-948a-7c6e1c960f2d
bd323a2d-0f47-4060-b4a6-da2f60734b9b
4d31eb7a-9bb8-43e8-b4a4-1e107965caa3
3f32ea94-92e9-428b-aa6f-681902db5703
080886e0-b076-4872-b4ec-9ca4c735af92
03b7f18f-a30a-442c-942a-0ec77e834a12
c41ba5c0-20e4-49ac-8752-374a0599f55a
43d88cb3-ed51-496b-bd0f-e948afde7141
2a882b58-1609-4d4c-b0e2-00cb1753edb7
054ed192-c951-4196-9b37-0b89b8e036c2
f88ee217-7d7b-4a6c-9d39-79e25d1b63f6
bb20a08c-545d-4dbe-9e8c-744d77af9aea
f2fd0fe6-e471-4559-bbcc-264bd6d54da7
13ff29ff-0ce6-4f42-848b-63b470310607
dd30e29e-b53d-4b36-8bae-872ce3c36e54
1c5be572-840d-4313-99b7-5823c9a28bcc
4a1c3c8f-df68-4ae1-9359-ab9cd69077ce
62b6a974-71fd-4c0d-869b-a4e960dabb3c
8466ab4d-47af-48ac-94ed-1e8e81494348
2f5cf559-6b59-4dcf-bef6-a87217948d9a
ddb6d017-acc0-4064-a6cf-b586e2407961
44ae54e9-4da3-4937-9ceb-48f06dc2d0d3
78a68370-34aa-490f-8c7b-06a09473ec73
a3537028-fb69-4100-bda3-329b1de767b2
8683109b-a5a1-4825-8406-95e8f8c32bd2
b97a1ae2-e5c6-4afb-8c3b-c2bcb6b46b8b
30ae25b4-606f-4f14-9b47-9b6ddc0ce5c5
00631dc9-bd1a-497a-bce1-12204c87fba1
81ca0069-958b-46b6-a424-9af7f13018d7
67681c17-a30d-4b0a-9078-cd5967a76528
ad9c4f2e-6f35-45bf-94be-3d048548ce04
50979932-54e3-4be0-93f8-9379925ef7a9
b8d0dd2d-3757-425c-836a-28a6b76b8efe
5fde8468-8258-4e19-b320-660ac80b3be1
0a38b699-9727-4920-be01-cb4b18b5022e
135788b1-565a-439c-8305-6d522189c7d1
5545647f-cd94-4ea8-9b47-6d722989ce85
5d33d0fa-c7aa-47cc-8ec5-c4db8e5b9021
c954ee7f-d70c-41e3-9b35-aadc444d0139
620b6979-89ea-4755-8436-1fcbdcea0128
907bfaa4-e298-45b6-9876-ffa0ac7373d9
09186bf7-be39-49c8-afae-3b11cbb1a1f8
83304516-ac28-49c3-b21a-7d07cd15e522
d9d17f70-bf99-4df0-9b3a-3d7f47283157
1be69202-6353-4bad-a518-0aad12549294
0e84207e-0c1d-40d8-a296-d0f0c0c9ef0f
de8e7863-11aa-4683-be5e-a7c8cc776a18
07627433-18d5-48d4-bdfc-a845107eec9a
83f9908c-a268-4828-a2d9-300bbddc43ae
80f64f69-2825-426a-9403-a0f2c39c9a1c
133c177c-b1a3-47f1-97b5-1f8a0de0dc1c
2fc5b2b2-ba00-40d4-9e5e-92be0c3cb459
a4a99076-6d46-4661-840f-9f9fe9297918
ef913989-43ef-4414-b861-036952bf6e8f
f6c78e38-01aa-4840-9dc8-f96dc91da73e
49d4992f-7a15-4151-ab85-868df18cd17c
1f2379b5-503b-472c-9806-7242f16f78a1
67e42e02-afe4-437e-82df-6f76b4626251
5251212d-5e84-418d-a73e-7401be512f88
4cafd499-e747-47e7-9f27-bff1f0c8bebd
3ff66f32-a91d-4ee5-943c-b42b180d5740
0e02035c-acf7-47e1-8dbb-0349141de7ce
1b0e84a8-bca1-42fe-9859-d8ea19ea3aea
60c33683-034b-44cf-b62e-a1844b67b974
ee9bfb11-ce98-4406-b812-3c43eb843b2c
21ac54e7-6820-4f3d-804b-310a73d3d835
39bdb580-c4ca-43d6-9a0a-7f7fa7c26703
12e5af26-54ea-418c-b4fc-a5cec4148051
5c103a5f-5ccb-43f8-aa0b-fcfaaff8b7c9
eda2e7d3-44bf-472a-b772-65a328247544
e4460ba7-e73c-454c-b31a-0ea22ed76aa7
2dd8fe61-d6f0-4c13-976b-4e77d2ed994e
f0566b2e-093a-419a-884a-bb8e45cc3b97
224e3f57-51f2-4cb7-bba3-cc9a8d1bdfe7
9b4d106f-46cc-46fd-87a4-ca5455ee4851
df31f01e-67ad-4746-97c5-6bade8b958ac
f8a80a18-eb7a-4bc6-a316-c6392e69d3bf
61d69ea4-a4cd-483f-a97e-87efa7e87d87
d3a4db02-2c13-49cf-9191-b65118b3e333
18569099-4706-421e-ba75-2db5778c7809
1abd1531-d2c8-4713-9802-7894a73c2406
f6f36c9b-52a4-4bbe-b1ac-f7eac67f174e
c7effcf7-4375-4af0-af50-f38ecde058b3
110b9d54-80fa-411a-8906-fef7ba4c1bd6
f8cf1599-9617-4c29-a5df-a0ba4e994bff
40800cd3-d97c-46d6-b22d-1d1670bb7434
f4e99658-85ec-465c-b302-734c0be0894b
5dbe4899-5dc7-46fe-a14a-fd1763217def
0b87595b-afc7-471d-b41f-a4adc1e7f9d2
33bd9e28-3d9d-44b9-b89a-c9883d3d5686
0c8b7929-480c-4d0e-a7e8-63637623940b
420d9c9b-ec0d-4538-8b11-2f63948c54b8
a116a04d-76f1-496d-8ece-7a30f96ae8f7
58f32aef-71e7-4f61-bb4e-3c62f3a7cf62
36f3429f-31d9-4292-b65e-826fe068d951
3891b5b4-069a-40a2-b739-54e8fa13cfb2
6853eaf8-9ca3-4699-8635-f464b651cb4c
2d0077ca-ab4f-4d9b-a933-d3fcbc496d01
899eeaf5-b4f9-4b33-97c1-59e289343798
619081a6-8fca-4452-bd2b-9a3180210d5f
10540134-bf18-4ff6-b2cc-b329478f0103
5dab2c0e-66c7-49b4-b8da-e110c3406639
0a3246c9-af77-4bb5-a62c-9762257f3a37
b8505c5d-7897-48e2-a47e-54009c9a8583
f7cadbae-57b3-40aa-8ef0-b8ec64a06b32
6b7ac0f0-1020-41c1-b8f4-736acf1233e1
7e4b0fbb-410e-4c0a-891e-9f66d17120e2
d8e8a0d9-e7b9-4c6f-b05c-de5af98faf93
ef6e4f09-4373-4f87-89b7-bad2b711c912
3338a749-1aa0-40da-8da4-06506fca1ab8
005e4551-9484-4b65-9a3e-9d3e59f421dc
a2b4b009-2ffe-4ea2-9ad0-2bf400a1a390
13c74f2c-0b60-479e-87a9-14e9e23c8a72
4d2184eb-d9ed-4dd1-b88a-0413be0ae957
4c609a3c-b365-4625-a653-8a81476cccc1
51e8b420-8f61-41b7-95ea-39e562e16ae5
09dca337-5e1a-4075-8e63-3ce1704618fd
89b6bc73-196a-4315-8d8a-7b30147d8fb5
0a81fca2-60ac-4069-aee9-847ade29cc69
b52dca52-a4e3-49ef-8d7e-5c233a2a701c
9b2dbc1f-9d2b-49a6-9f4b-a337fedb3532
ba07f23d-0d40-49df-b4ff-52ff57e05ff1
e00f8ad6-2bd7-4673-99a7-e2cbe95f5a4b
013a7a91-37bb-4ed3-a6ae-6739cd42512e
96366a8d-0cc7-4017-84cf-0ac0e3fc7b6e
bc4585c6-2db5-48cc-8b1d-38b2c15b93da
6c06325d-485a-4d9c-bf82-1b3d7e3f4133
ca4ac1c5-79fd-437e-8749-6e38f19fc7d7
64e6c450-859d-4f5e-ac75-53331778f816
e4b45e98-6a0e-4763-acd6-c99b4e0cfc49
ca8a8395-27f9-4256-a8c2-8362a37ef2c7
457ad6bf-0462-4163-80ab-a7fe80828e47
1f97005c-8600-49f2-b55c-782806e41dd4
70d36d7d-6cf6-4096-ac9e-53f4e4c33eb8
c5522928-fcda-4895-a84b-2531a5deb1da
2a4c7b87-32ea-47b9-92dc-0a99c6d889fa
10140940-668f-449d-9c27-1df15d69c009
92bfa402-bf0f-446b-b104-6370c9d62c41
eab200d1-a4cf-4e9f-a180-748834c2a210
13345466-733f-4178-95f0-ce831121b202
101a7e53-256a-4082-ae7a-99ff7bc31df9
a005f912-5229-4b64-a2e8-7707621039b7
1010f10d-b45d-4a05-a7e2-1cb5cae87b20
339f29a2-a393-4f37-83f2-258147e48add
452737f1-21b8-450c-9aa2-d28ec9356beb
77ba0cc5-da61-46bc-a2ea-c0757299ac40
745a8ea3-76e2-4357-97b2-44bb541ab452
cdc58c89-0207-43dc-8a70-a654bb930640
30a71260-3b00-4768-838d-9c164f3210c6
c47a6e6a-76e7-4f05-9c13-531b8fe4c137
6748c22d-685d-4084-81f0-d1c78bdd2589
c0e23400-e41f-4a9e-8365-cf4f3b72a3ed
0227a4c2-ee9b-415d-af5a-aeea96b5ac23
2e479cc5-25ca-4da7-a767-dac02ac12000
5f205a61-22b5-41ff-b9e3-2e6738bf5b39
3f49fa46-8db9-48b5-a161-edc91d5880fc
db19157a-e9b2-4b56-825d-b06af9be2266
a17fb5c2-e97d-419f-bc19-01df58f221d0
37c89f5e-8c0d-42f6-86ed-c80d4f4ca6df
b19bf6df-525b-4202-992a-b0d956f95d0e
6a9cbb3a-3b82-4f3f-b811-02d4a3ab4206
bba83791-7959-4dea-92ff-9fe7950c320d
07d5e5f1-30c3-4db9-8ee3-2e86ca2ac546
cbdb2fd6-0a2e-495c-9bbf-5c813e453f41
ebd4fdab-b527-4ec6-9caa-5f8605591846
e4c1c186-d7e3-4821-8166-5312a5b8a98c
b0b9c59f-be50-4e69-9d0a-0237ea11aab9
75c34b23-5905-426e-86ec-7965217ab6b4
22c65c92-6c35-48d0-aa77-2eb72a798ae1
c77c84c6-2981-4206-ab0a-7bf9660cbdd5
a4a3218b-9394-4739-a692-cb8cfc93f2b9
3aae212f-c66c-4daf-8c2b-e05c8e826db2
fe4ffcc7-066f-4997-b306-4808b8a9ba5a
5e3efaab-ac71-469f-8681-7a7b8dd5f4a1
e160e12e-d641-47a0-b27b-ea3abd02ea6b
acf737f3-0b9e-4ad3-b8ad-d57498270a53
3019b7cb-e10a-492f-a5e3-48b283b0a6b3
8d1d1e1d-7f28-44b2-a858-1b6b97909f2b
d3150a51-513f-4829-8aef-8232108ea8dd
5b7073d0-1f7c-498d-8f45-a8b2a2d866cd
b6acea31-95e4-49e7-affe-b976c7e8126c
f1b452c5-2575-4c09-b058-f16b75beec6a
cf3179b4-8b14-4567-a27e-2aca2b1198a8
04ba3206-fe86-4dd2-a717-b9c37e44967f
4761ab43-a205-4448-ac2d-e7f22f60c5ac
1271fb7f-82ed-4106-9805-c8e6d1f3ef8d
717c7ca8-6a32-4c95-bd67-d9ed40eea274
477c3faf-02b7-4bc1-b028-a023f54e423e
18dde6a0-d0a0-4f77-9c1e-b077002d25e8
487033aa-3a14-4c32-a7d2-0eacce77715b
f47d217b-ae2c-4469-b243-1dcbc6c30896
5766487c-b58e-4efc-8d6f-a9836ddcb132
e7e1748f-246f-4039-b26b-11b2d9551c5f
b9424397-fbcc-47c6-82ff-db24f599cda6
aebe79d4-ae91-4d58-81f2-1f3d97e51b17
c290600e-0da0-45d9-aba6-15c657b4d18b
d64e8db1-8652-425b-a77f-f641cf9b23e9
568f0f7a-c169-49f1-a5ae-1bc2e3014e62
51f4cb26-6992-4779-8993-09c229ccee8d
8224fb52-cba7-4e8c-a270-394871215a91
43411448-d183-4586-aa32-da75dab509b2
1099a607-01b3-40f8-bf98-1fb6dbbd16fa
a48ec436-432b-4b5a-99d9-2c2569fdaeb4
076666a9-ce15-4f0d-98ed-83a806c4a1df
0665774c-32d1-4d84-b185-745f0bd6b49b
bd36eaee-30ce-44e6-bd97-cd3e6c0329b1
29c714c0-925f-4255-bcb2-6d82866f1782
5dabdbe8-cc21-4adf-9e63-a9680621d491
f6d5060b-85fb-462c-8fb1-3333e44fc047
301ee9d2-a98a-45a8-bcb7-1e8e493af53e
790388a7-2bce-471a-9bc9-48802959422e
2c9e917e-f45d-4b35-ae48-d084b11268cf
7f8f8e7b-7d94-4b20-a364-6210ab82c89b
6a3649b4-3bcd-45fa-8e7e-7f7ffef35c63
e7dc83e9-fcdc-4864-9f06-29852faa6db5
2140f409-35ea-485f-bc63-dcde95da5f82
d14773e8-4d22-4ef4-9ace-c52808a8684e
af293ed9-2ae1-4a39-a95f-26f8a2df387e
3c82e106-8c01-4d75-9cff-3b5fa877c198
718ad09f-5f83-4df9-b731-f1d1acd4085e
4e28aa41-1a88-4967-b3c9-015f78aeb3be
0f7fe20a-e83c-4912-81e2-65f8bb5b7b23
d71e45ab-3834-4121-b0d9-e36666107741
c3b1ea30-ff15-441c-891d-17a98dc49da5
62395cc8-f043-40d1-84d4-6090391f3854
4fb0929d-ca8d-4901-8fba-8888a1dc37db
63832791-f71e-484e-8281-4324255d38d1
62955da8-3d9c-4389-b808-f42aa3083092
15778b48-9a2c-4dcf-9c3c-037c345a75eb
afd5d517-bfff-44e6-be94-04658754a82c
8dedefd1-b8bd-4628-9383-e22a54787757
6a8fcd48-33a2-4dac-b67a-2c5e3e2533c1
7dae0e4f-fd87-4c8e-b384-d67d31780042
09b5d7ed-297c-4f84-87d8-ef6861b88ddf
39678742-d193-4c24-b909-51b91db8c069
ab32faa7-acd0-44b7-bf1a-e02a71a214f6
c7be1082-cb04-4799-a01a-b131bc843444
fa836c16-2aaa-413a-ae50-6cd2e8f5b620
771824f0-a3b6-4859-b528-9f006709446d
74f42afa-a141-48d4-993c-3a74c9de90f2
335cdb1c-c9cd-4e19-8e4b-a94414c303a0
6d6a8f4c-01d3-4ec8-a6ca-b48c5efc2537
f4eefa7d-01e1-43b3-88a1-b48ea7a7c511
f89b8952-3097-4ba5-8124-7e538e88d73d
49f48ec1-d773-4725-b3f0-9b7e32cad83d
ca5f813d-0de4-4154-95c7-4c38391a3047
e4d721be-591a-4d22-8f50-828dcaf215da
900b779b-dbc0-42d8-8072-e9a914f6ef0f
06dd627f-eee2-4c9e-8ee0-b2bee9564a5b
ea228d44-5294-4119-8fcd-86c97969e074
cf53a605-c488-407c-9ba1-5e1dd05c7423
b23aaa4b-40a2-4f02-af02-68cf9d3a6657
851d5c3f-ff6a-4de8-8128-58c3fad7594f
0fdbe19c-42ca-4711-b65a-85e92c13b3a0
c2ae68e5-be63-4831-9420-8b8e9e2c4d76
661c6923-7fb3-4978-bda7-5fd52daea19c
0d53a650-69dc-4e99-98be-084528e042ab
3890449c-2dd8-4c2b-98c3-f8e93d7066a8
7c5eca2d-7710-468f-8502-8bdbdb747c35
152d7e42-fc7d-4b0f-840e-034bac8bfafe
3b1ceed0-30ec-4f3e-b80c-ab937e624293
51eb2b9a-09b2-462c-afda-8a1d07dacc0c
bddf35b1-fec6-40a6-97da-00c607b22e2f
baaf1e7f-a25f-4830-9348-883dcf84e0c8
cd27929a-8be8-439c-a655-9bf5011be5bb
2ba4ef26-c643-40db-8509-63430c6593d2
1c4bc3f3-e880-4fd6-8ee4-d417436db4dc
b48ad47d-aeaf-4a56-b3a8-523c69d19c52
4024a954-443b-4c05-89b3-58fdae923edd
f9cc0c18-a212-4f05-94d0-d0025b8f6171
2237c34d-7c27-4086-a45e-5c37d2c47054
fdf95bff-5bc0-45f9-8e9d-1bceb2ab9e3a
00d55c20-b886-4f07-8e9c-8ba03bf230fc
baceae4b-ffb1-4007-9228-5ed79586db0a
2b052905-768c-48ac-a7f8-93d3b58d78b4
b95352e2-b596-4e0d-8326-0902dbdad689
aee8c68b-2d9a-4727-a08d-eb999493bf53
03b869b9-3872-46d1-b210-f4e5cd938414
8765303a-5aa3-44a2-b238-310ade85ec2b
59964ce1-98d8-4b3f-9bdf-9426f7cc15a1
dd2b76ab-fb6d-4838-a58c-07797c2a1802
96c10604-82c1-4f83-bc47-df13cdb2b2da
59b37148-40cc-4119-9567-ea131e1a89c9
f085522c-6d03-45e5-b44f-74b730fa53d3
dbf31870-e5bd-46e1-845a-4ca0de7d864d
0e1a5646-75a2-45b5-ab91-e38787e841bb
73ffd9c3-28e6-49de-a077-fcef2dd7cf25
3b628a5e-3b35-4c26-be39-a890f7ed99b3
47b0b5a0-2774-4af3-8c2e-a62797aa479e
673b6662-9a0b-4ebd-8174-c32593b450ed
7fe16230-af41-45e0-aadf-9b5ac15a0014
b7681cb7-89b9-4445-b4a3-259bf7e76246
b9dea464-b23d-48d4-a015-c0ae2ee1673e
5a30f20e-856c-4fc5-9e43-434a820d5b83
5d85ef16-593e-48cb-8739-41f79492a5fb
de1cf0b7-bc76-4067-a44b-75a0f1243be3
a7232cce-bdbf-4c3c-a02b-40f981efd912
486a04a4-bc29-4402-a898-256124c8fd9e
b5b83b32-8f88-4480-b443-dedcdd612123
8688f655-5a05-49ce-9fd8-2cbc178b1a76
f1d87c94-9397-498d-b728-12094cd39572
4ba02d4c-0c3f-4f6d-97e1-64f1e9c1a2d8
699ab344-0393-4619-9296-0aba47111473
7f26049c-19da-40d2-8ded-18c4e4fe16bf
6d56fa70-68c4-4eec-8065-da87830a149a
dce4380b-5c2b-4414-a7bd-748381c32b44
2358f370-39ee-4195-9e6e-43be1c838598
e16a2d98-30d7-496f-93d9-79cfe251efc9
d0fd9158-6a0b-456a-aef2-78bbd6e4a440
b60cf25e-fbb6-4a58-ae0c-f714e3198a38
9f7d5067-5506-4072-bfbd-c27639249838
454d61f6-9f41-473f-aae8-8a4022f4280e
327d8515-8c93-4a74-98d9-ae9769c4cdbb
cf2e03ed-0ca0-4163-9b44-d1cfb7068b8e
c4d66948-741c-4da6-a1db-a7999a0e2699
0651c9c6-c422-43b1-921e-528c6e9f532b
6af1e633-99a2-44e5-bf16-3d8a259834ee
37a47106-64e0-4922-b1df-8ebd48b184e2
1802cf9b-8132-4b74-8ebf-ce36106d04bb
38daa366-439d-4f88-9b3c-27f2da423612
19cab2c6-61c7-4c09-8761-51d732815c85
cfc576d2-b1dd-4fcb-a907-a49e78d330d6
31166809-19b1-44d7-95bd-3567d5de0f06
81af68d8-9986-4ce0-9b52-9b2759a8a62d
ff8d9ed7-69b4-4580-87fb-8c9fc185dfd1
2f4dfb68-82df-4e3c-8218-975b3ffba9e8
e38eb8d3-9e57-4f03-8d6b-5b567c1c28f0
af2d1226-79e3-4e8f-86cf-f8fc638a44f4
2fa40eca-9a11-4553-87d8-eb7cbe9d15a7
1c1f6f70-d2c8-4895-bca6-2e2fd1236532
59b5fa5a-a0e1-4ad7-9081-851acf538b7d
aaaa5f11-dc17-4101-8fca-ee6ba856943c
1f7b9e33-7993-4377-9cca-d14eeaeb9c9f
cd6cd3d0-67d7-4e4a-9136-907ac5882bc9
d3fdc77c-0130-48b2-8d9c-884d384b2fca
0ff60392-8751-4422-95d6-6c251df35ae4
c0efeed9-c0b9-4e27-b7d1-0ae6b1509a05
e76d668f-8323-44c8-909d-104919aa9b41
898fe86a-f1c7-43ce-acee-292a2e02b2c4
e842fa98-4c63-4a89-acd4-88913eb45f8d
30f75fbe-2e2e-4dd0-ae9d-9a06298017d2
2f4e9c1a-20dd-4844-bbac-3d2555b770a5
6c6eaa7a-f6be-47b2-8599-b5734dd3cf4b
dd93e952-810d-4e99-9dc0-2392cea5aa10
bd6028b2-e79e-455d-b1e1-aa1599b0a6db
d7fa5916-c746-41b0-b842-e9f98e78e81d
585e83c0-6ec6-42b5-92bd-5a7b592a40f0
64029de2-d0d0-4cd8-a105-4016afcc5162
eaac5268-58bf-40ff-90ed-1a12aea485f8
a4382f08-7bcf-403e-9889-97caa7b0d84a
be6023ee-611f-428d-aa8f-bf3dbdfe5793
8b90f15d-3c63-4a71-b148-0720791db1fa
afb55a88-9c2e-4ecb-bac9-8fb32c385e6b
ccccbcdb-f59b-4270-a5cd-f9d1499770ef
87c12861-291e-416f-818c-e7c395703770
865bdf77-5026-4a7d-9b55-e6d39216b6f6
5399ed83-ef74-4283-8aa8-29b52d33d87a
d6387fe0-b11f-407e-9216-a80e6708c77f
40054834-f4c7-4a1a-939e-96b228ae009e
cc7c5358-fd5f-457c-ae5b-5388c70774db
370e685b-def8-458d-8d76-36234564d147
1009bee9-12e9-47cb-af69-94dc98fc4e1f
8ffa188f-42ac-4a3f-bd54-366e1989f631
f2375849-1bc5-4e9b-8011-b1704c00d98c
379ec5c0-8e05-4af8-9e64-eb7a7a1602f5
47e1fa16-abab-46dd-bb8b-52ac999f913f
312b61da-3fbe-4d42-8828-86f067a0fc80
b2bfbff2-8da4-43ae-9161-ca82d8018769
d2e820bf-ad85-4862-b924-cb8fb4c8b61c
f7377e74-abd0-418d-b304-eed8bc8f3bc4
16ee562a-461a-4a3b-80f8-f79d5bed7823
732248d6-7934-436c-b6f8-5076b9b9ff84
9a45ba72-72c4-459f-9849-2f9905bb98d8
11aa1df7-cd48-4fce-943a-5e72d9399dfa
3eeb6055-c917-4f2e-810b-b8da72e96c1f
f32af98c-f336-4e11-b67b-931e8e546481
c74ca080-f0f4-41df-97c3-202c3e456c31
5ec00d7d-b5d2-418a-82b0-5fec287ce09c
35479948-dbe4-4f76-8f71-487c9c5c7d9b
bdccc2cc-7473-4849-9607-ded6e29f46c6
43aade34-898d-4188-abff-8c5ed4895a44
e0526b36-c06a-4ec0-b2fc-9344ecf801fe
6b168f82-1b5d-4ea0-9759-accc8ee3fb0f
b34769b0-411b-450d-8419-15490b1b75e6
29992da1-4945-49ca-8a47-fd064e3e9b12
621dfd66-f074-47c8-a140-95cbafb4a6cb
398027d8-050a-406b-9fd3-3a2070be9453
76cf020b-8325-4c56-b916-af258a8a893c
a22106d9-a271-4e67-8e94-04ea7b144f2d
d4d240ed-094c-4f5a-83fe-103720097547
db649336-b9ef-440a-b564-1f6a4d5313ef
ef23bb9a-9761-49f6-ba38-96db61e34dc9
b41fcbe4-ec17-4fef-b637-be3a31ca4ce9
266dc8f2-3cdb-4a22-a042-8944b11561e6
5f666013-bd82-45ca-9605-8271988795de
031e577a-bf84-43a8-994c-97143c324caa
51fc279b-fffb-4f55-ab81-032645ef59b3
14742747-4484-43b2-af1d-8a5d08f277b5
ef14053c-7172-4361-86f8-9bff343c41cc
7fba2c30-afcb-4ad4-9fb1-ecdba57beb81
616769ca-c457-485f-9863-1d522368ff0c
f1645ed9-8719-486f-b9e3-c7a9b0a2aec7
77939c4e-f231-4f74-b521-9bb17bcafa77
865b4ad4-84d5-452d-87e7-001137e1025e
0636d0cc-3b9e-4765-a1bb-28507d39b8d0
3f0b176e-dc59-43c5-84a8-ceaf03c0cc2d
208baa36-8b7f-4752-b79d-eb9af92ff3c7
8dd4f5e6-4fa4-426a-9956-8246ba55edd4
dc1bf67c-cc9f-4ad2-9a0c-8afc777c5613
11aa9f19-f562-451a-bd26-d2b207093029
0a3e0e3e-4629-452d-a865-596de7d73514
f9b08ced-f929-40b5-b4f9-0f5b464d675f
37cf791e-5f88-4398-8691-da97e0bc2b2a
17e00de3-b492-4de2-bd7b-0d8d43fa5272
488aca9c-c83d-4030-8fad-bdbac99b23fd
3d1099ef-35ef-4e4a-a847-d8df2f1bc8e2
75d78f83-60bc-4f6c-8dd1-658f6ec8cbc4
c2cbd0a3-56aa-4ebd-8f50-bd2d4f9c4be8
4b43ec1a-1a1c-46e7-ab38-f1d82422cbf3
f7448c6a-8a38-4472-889f-6e3b28665110
842c99bf-ab24-4e55-9a77-92844c5e87cb
88bd63ac-d813-404c-ac0c-cb9cfeb204b3
b0555ee1-fb95-4bc1-a5ee-9b130a9ffdcd
15e4ac6b-f26f-42d3-872f-e389f6ba3014
113d7570-d20d-4167-a54e-3dd2b7db6eb5
350ed038-8a5f-4062-83c5-43874d0d1c88
edf2d591-3b11-42bb-9815-0edd2080f9db
7bbafe00-246a-46ea-93b9-98fe4affe741
5cb6b4d3-ddaa-4c72-89e9-85fcabc6c75c
6f738dc5-ec3f-4d31-b9ea-eeffa296f393
2cee5d1a-268f-4efd-b1d3-147f0e4d8f35
56e957ac-2a19-441f-9983-b7423ba8aa16
bd801306-89dc-4d46-8fc5-89d2fd5064ce
be575a75-0e12-4461-9800-31ba100581c6
b61d2967-e433-45ca-af0c-20719463e86f
d4f807b4-b978-4336-b85f-bb4c2d006b4b
a3ea25cd-0231-46f7-8ca7-c4c4863573e8
8c47321c-8f4e-48fc-af03-6736b95cd9ab
4dbc2839-4ea3-486e-bfe6-05c09cae274a
657f21f1-b9a1-4229-b4ae-0424a984c1a5
0a139d34-f10a-49d5-813a-0cf7c16a101d
84aa4af7-47f7-45d5-9101-e4e05b66c435
b60c8691-f6db-49bd-93f5-5b58f6811281
7d1b4106-5005-4e5a-ae07-0510911d7b54
18f7e98c-4a23-4e97-81aa-d7b33c7a888e
43460544-e385-4a8a-bd39-a6483169a12a
c6767667-022a-43f3-bf48-dd7cdb1d3962
ff25ed3e-45bc-4920-a428-53d1869dab6a
254dbec6-cf10-474c-bc9a-9935831cc06b
f1325644-dbf6-47fd-8ba7-3a85b60325ba
eb38862d-e72f-4a74-80c4-18d4148be190
ab6aea84-d30f-47fe-b6a5-3815d6082724
cfc8f2dc-e5e6-47a4-af59-5e738de9c6bb
e6b444de-86b5-4c4f-988f-6a433ea3cb14
f57b9da2-834a-410a-8a0c-6c7479d907c6
0fa60ef6-a803-46d6-935f-67e342af3276
46b1df05-f194-4da9-8f3a-12051da4db66
0d46b95b-45bd-4dd7-b572-40fcf52c4877
0df73780-f685-4b80-afb1-f43d62d9e85c
9d09e4ea-7b84-47c2-9441-9a027022e19b
91651361-235f-49dd-aa18-e43f8416c350
770569c0-570b-4ab3-b4d5-3c6e38b672fa
29267f64-d89c-4121-a904-dfb36d07d79c
ba42813e-d321-488d-adf1-5fd0c19c2dba
fdb37ccd-542a-4efb-b836-6933e61ef244
542450d5-db82-4761-af01-f396aa64bf64
43742c87-d7e8-40c5-bccb-1b2290df8386
46033d8f-4b4f-49b7-aa87-05041f344e99
9a7d82f7-23dc-48ac-95c7-82a314f146dd
1d690e70-79e2-4d45-8f76-2d37264cc6e1
af1ea3e6-8a84-4a32-af03-1d94589a428b
cc0157af-e765-4577-93b4-87725fc45b9e
e64dc068-8d3d-48a2-808d-90115bd03191
9fb7cf16-f9cb-4c00-bca7-98c8823a1216
7edd0f7b-9260-4dfc-b15c-4f429e21feed
5479386e-762c-422c-8686-11f9274a42d8
4fe82524-55dc-476a-b58b-67535eff2c04
27b734bf-1f52-4762-8f17-49e03bed46d8
e31a93f5-cee3-4f8a-99c5-9ac9f575232d
75d27b9e-b92f-448d-9c21-85decb2a6cb4
1a1bb1bd-aea6-4b64-bea7-06fc487e34ab
3cfe9a65-2758-4427-9fe8-e3bbf02a6ec6
c05434a7-eaf2-4158-93e4-286d4e2e9590
2d05c766-41eb-447f-9429-4ab7f2bf0df9
e7f4725f-c5d2-416b-a608-32918c58beed
e4d80c5e-8cb5-4093-908b-72a4a67f2eb5
cfb66852-28ba-4576-80a7-d662a8564f65
1f2ef28b-c56b-4411-b8bc-86c590cbee95
c544f23e-797a-4af0-ade7-36f575961da4
c79776b3-a12b-4324-b3c9-c4fdda753830
75998a8e-e674-4699-817d-a52e0c998f23
886c55bc-56c1-4692-bc6d-e2fe02022951
13b5d5b7-0825-4f7e-a565-44a4fda472e1
bd4627b3-da25-4814-bbe8-19db36ba850b
81774a46-488a-4a73-b63f-5f4997d54fd0
5e3036cb-ef40-4067-9530-e9adfaa58b4e
7a335733-08cd-477d-8d58-c2a232317ca0
ff2d4ff2-f99d-4325-bea8-ffd5c127b1be
b6352d43-21fb-49c9-9796-3885d735dd4f
24d3dd97-37e1-4c82-995f-ca2efb467648
a9cb2d45-45e4-4340-a43b-9f19f28eca73
cf399090-f909-4753-b57e-4e2e1a44b5e6
54ca71fa-3b37-4c96-aafd-a086bf1fb87f
fd272f1c-b053-4c3e-9ab4-b71349d4d48c
ecf37dc9-903a-47c9-99e3-c027aa0238b9
a54664de-f7a4-4ad7-85a3-2fad3e9d2c5d
ba344a08-4961-4141-a48f-716b39fcb06f
cfc7ccb1-7ffa-41ce-98db-76c974fc2048
6116ace8-18eb-4528-803e-174599513c30
2ebcd78c-d624-43e7-a788-07ffe17a477c
531606a7-cab1-40ae-9125-02ae9dc2bde3
ce672805-c220-41b6-877b-e64fa419e212
3ac98b59-0eae-40c7-8847-fe6589a0d10a
5038dfaa-0adc-4138-9c29-72140bdfddff
ce0fe80f-48b7-47d7-a99e-a44a22fb809a
33eb2f8e-c4b1-4678-a7e8-bafce78f6638
8db8061b-33fa-4f00-a62b-ae76b6086255
02c4e219-5de8-4969-b561-a4f9ae6d2c52
72798cef-db9a-427e-986b-5d8301408229
a49c4f4d-286b-4266-b19d-4fc98f48f07f
33df9c24-a68e-4094-8f57-8d0f42a5f6cf
ee9139ef-7c16-4d1e-8807-65054c7a11f6
49678c07-4705-4e89-b5af-44164a1968a4
1fd32bdb-83b2-4624-ba19-40cfca4af6fe
2f30697f-76e8-4c73-9dc2-ced5fc8c78fa
99c6e2dc-8e2c-4b8e-ad95-e457ee7090dd
99e5f623-3492-4bf0-bf8e-a68a5166f679
5116de8e-774b-4674-95b9-5e8953b57dca
0adeb2e2-2462-418f-96b3-1bbe547f24b7
ee0e4605-90ba-4d60-a199-74c0532d1d14
ced27402-4326-4ab1-83de-8c1d5fb3b047
27b29cfe-996d-4af9-9437-6fa7fb809bbc
63c7591b-5480-4210-882b-ca041306a57b
e47bd593-ad06-4390-a0b0-1e8131fd44cc
15cef6aa-1821-49ea-9069-11fea026609c
563e3e76-19f1-4480-aa6f-44c26ff1ef20
d162060f-86b5-42b2-9e35-d39f0885dd51
b344d920-5af8-43db-bfb5-e0b9f7bf5503
8ead76d2-dc2b-4581-9ef6-1c3bb5675be4
1620c234-0c25-435a-8fd0-fe433b177baa
08740265-f4ec-4931-b251-fc63566aa073
8e462504-af2c-416f-88a0-e9ea78c1cf09
deb2b05d-d27d-49ba-a2ae-4c6f7ed107db
34ca1bdf-beba-426e-babb-0fe2a4cf0348
721a82a0-9de0-43df-acef-6afdca5e9082
e9f90cbf-877c-4b7d-8a4e-5c0639468f1f
b25f359c-d85b-411c-b110-c11a39909776
8b492313-6445-4cfa-8d36-cd476062010a
faabecb1-b9fc-4bb9-9e5f-45a9d5d9c688
85980828-d0ec-43fe-ac01-dfe25aeeaf7a
114303a5-9700-4a4d-b69e-a2eb8979a3f3
bfd5cead-3171-4725-a373-5e2f7c054ec3
1518ce2e-b7d3-4099-a343-77a711815760
9a7eaef8-04d1-4d5f-b7d8-7e29586abd68
cf9887df-af0c-4239-9dd6-77f5bb8b6b6f
87694f49-d451-49a3-bada-3b449cc4db92
aea04ab1-3a3a-4b34-ab92-cbf8fb7cbc98
fb04a7b4-6304-4451-9198-c0e2f2922de0
1d4bf236-17a8-41b3-8a76-6687b29a63dd
f2692d1d-df2d-4752-84c9-5122dacce283
4b4a553c-3739-4f4d-b25f-0deee849c131
dedd0204-4e5f-490f-83fa-7667e23d4e2a
c11fe074-65f9-482e-8f1b-9a33d9a283ff
ada6b356-d999-4ad1-94af-eb36e6d9f252
b2561616-8c83-4b30-844e-a3c60a56c264
8c0b7ec4-807b-4bbe-aa2d-f6f8c0311cb3
31c362ae-aac3-425c-a49a-a5015906d715
f08be9d2-02f0-4aa8-9cb1-e6dad88e961a
467fa854-ce8e-4559-ac22-03bdcbb23b15
25d9b293-5a51-4561-9bf5-3a534ff741eb
b25159ad-eaf1-4434-81ac-61a13f9f1bc4
85909106-ab28-4ac4-ae69-eb4a9b10ca81
55381cc9-dec4-41a3-82ec-50f8ea783a08
e1fa72e9-a851-4a5f-8d1e-4ee457c05050
04109881-2af6-43b4-a335-bb3ff29e56e0
832ec5ea-5c20-4b06-8c76-599c77bb6727
c78204ea-fe0c-4fd7-9b45-09b45025d727
b8cb0855-a07b-4aef-815b-93634ce388ed
c54c4d4b-a69b-4f2d-bea3-1a5972750dfd
1c3b1a90-5cf7-4942-94c9-96e04350ccb6
d42c1676-c683-4a70-9cb9-fa24c90cdfdb
346f6773-f338-469f-94d3-d03cdd8779e9
b4bc9222-8443-4604-a5b1-0355a72f9058
389af764-15f3-4438-a9ac-c00fdaffaea4
9a93feff-0912-447c-b292-3c190523221c
59621db5-50c7-4d87-8488-643f0aaa489a
1f2aa357-74f6-4f21-a7a9-b14f77224ff5
e946e99e-a2f9-4765-826a-fb400814bef2
dd913347-f18e-4f76-8e82-9017131f62e1
7595b6e0-2efa-4ded-a2a3-6f06e6d92d3b
0bb39983-196a-4d18-a447-bcad3c691c14
612a035f-0f46-40fe-8aee-6b9fd8e4bb9e
a87dbe65-9a41-48cf-becf-4a1e88a51123
b5c92380-233c-4462-ab57-2b258d7ef6b7
d1d77f6e-06d4-4f63-b108-9f85d2f913c2
5428013d-7d3e-4dc6-a961-1e5550c95cd1
461731e2-283e-426e-a89e-196194be5c07
ac2e1792-1e80-4424-903f-ecad6ef80d15
4769e233-b62e-49c6-9294-2d4880b659e3
4c981569-e955-421f-8176-f12988aebf61
d8e2db75-d919-4f7e-b6ac-a043aa19d6ec
23a9f130-3e0a-484e-beac-7d17c35cf28c
0f4dcc56-36a2-403b-b4e8-3f81d8e0aa92
2ffcfb43-919e-43e0-977f-85fc4e86074b
ddc490d3-8ed3-4d34-8413-92f379410c91
7a06de76-dbf3-4835-9405-59b3d41d88ae
48fb9aac-50e0-4eef-b6bb-e9ae86df361b
b3cd51fe-9a22-4a2a-aecf-70b67c0c5e49
8f305197-307d-4ed5-a207-1c74d9d937a2
92dc2aa3-c607-4608-8b90-847adb13c05b
4b8ea41b-d338-478e-ad01-2e02e2f537d6
416040f8-a793-48bc-9fea-210ab68ec94d
79a2f9e1-c40e-48d0-954d-5ec139a86775
cf1f3b99-5971-4c66-b54e-ce5c4d4a9b0b
0b85a927-ee8a-4a24-aded-e92cff45c8ef
b871bee8-3e1a-4c61-9c82-ab584faf26e0
e87c38b5-9e5d-40b2-9a72-5a6559b77769
4da365d6-ce45-4487-b990-64e9c307953e
3704f863-b2db-4925-aae4-0257d34c4135
afe095c5-ef4b-4624-8bd0-b9aa67774d80
deb07ca3-763b-461a-ae7d-8b975a4a6cee
1ae7cbd5-6c14-428c-8f2f-4da6fadf66f1
d2160528-f58f-45a3-aa40-43cf051f30e1
5022ccfa-9af3-44b3-8bdf-39e80a246ca5
b72f5e62-bfd2-4df7-be37-8e2c461c315e
6e204a1b-9745-4142-aa4b-10ae42c1c741
5f5df10f-1f03-4c7c-ab1c-b72de2f9a8f8
c3b6f3fa-8c07-4ce7-9046-bf6d91606cf7
f7dc3eaa-94e7-4b9f-8225-8c938f4565ff
0351bf1d-86b9-4942-bb3b-07e7263f4961
793ad7ee-90bd-4d6b-b9f8-2dc866b0f5d7
b20934e2-4250-4d9f-99d7-9b21778b06c2
2848c791-31a4-47c7-b3b8-3854149a7c5e
75ec100b-027e-4166-824c-7ad8a598c711
30072be5-a6f6-4c00-a0cd-8d29601c840c
6977c2a1-8fe4-4a9b-84d5-9309258e8e0a
b47db8ab-4b57-4580-a8ea-316c26826e22
d1f8291a-c872-43f4-86e3-e2bf7cca1f14
ef473ce1-af06-45eb-8488-d6295c6fe7d8
1981794a-552b-4619-b794-f044f25f85ee
766913b8-2e7d-4b99-94ce-c2bf76b8cded
7251eaae-7692-42ec-a015-41d6d722a581
96abd609-052b-4a85-b98d-7464b63b82c7
b64699bc-b3af-4641-a6e2-7a3873bdaa82
3ebf2095-b509-4f1a-a987-9ff9462feb61
4936c057-5064-421a-b913-b4b9b0b73fd2
55868c11-9748-47a7-a3ed-39163ba5e527
c21b64a4-53f9-4e8d-8b9d-aae902e20249
fcb91f73-5129-4dcf-b912-b90e1e0b9fb7
28c7388d-4b2c-4f95-8350-b1bdfa73098b
baadde0b-58a6-403e-90a1-c213e3f9b893
5cea5dce-bc80-4192-8fff-0839b30a3eaa
457476a8-701c-4844-8380-ed71d0ac78ae
829007d1-ee9e-4b10-a681-1e67e70853ca
36d4e8c2-21c5-4efc-9ff8-96b94873ca2a
d616cd7f-1a4f-4752-880e-977174f338e1
d0248a3b-1ed3-4346-8899-9802217a833e
211f8c11-71c7-4b44-8a01-5e08dc66fd74
1b8c8031-063d-4380-bb31-7fd97815ecaf
a875f432-eeda-4fc4-a932-98afbad692cf
7726779c-e520-4abe-9dbc-75d8dde2ad6e
c0b106b5-4394-4a65-a881-8cc2382b4883
188bd4a0-30bb-43ce-aa46-0be49135484c
ae8ba2ae-76bf-4e17-91bd-0f7c13c26a05
c773a1dd-f39b-424a-9b17-005a207f2b7d
4b5bd95e-90d4-4f9d-b296-5c1ff7e63ea9
07edf2d8-9eff-471b-a271-8b2975807e7c
b511cf35-e402-464a-83fb-9bfc1d0a884c
b1e4b0d1-43b5-4e50-8048-9a5cf2b877bf
d2612e67-8e35-49b0-a698-cb3f6ebc9220
cc4258f0-7fa7-4cf3-962d-dfd31d0114b8
6cbe42a3-fd21-41dd-9885-8a01ddae3366
5732fe8e-5d79-489c-af42-caa454855a28
33078747-9b65-4fbf-81f4-7cdf32da29db
30159c45-b59e-4365-850b-03e2f471edf8
1291b765-73c4-4a4f-a1f1-a5431452a079
373cc9a2-4373-4cb3-87d3-aca7e725459b
a94342db-53b3-4964-a575-4355dcc3e210
4068fde8-f8a7-4522-83dc-4c05bbe0a3ae
e241e1ba-4d00-4f7b-9d55-17b2a2f04c22
9ba83161-d596-43a3-bb14-e52498df7e6d
14a055b5-a3fc-4389-b68c-f50a0655e3ea
5d5fb7ac-6262-4ac7-8acb-a0f554b95c59
e77ff8f0-6d2c-4246-8720-0ffb357be6ce
28c3b9f3-de36-4526-93b6-43641a816049
c90e2ea4-3686-46f3-b603-59d9ff127e60
c8e093ea-ad65-4825-973b-392509355547
fa04f6c8-63de-42db-832d-8369c4d2e729
1a864af5-145a-4e1d-852d-cde2f47580b7
a39d1788-57e8-45c0-9b30-f5fb097a46ac
cde7cc88-c0ba-4288-afc1-b3997d08f3de
8b46d5fe-c1b2-4f69-bdb2-b007f075ca4b
643325d1-ad02-4f58-b326-f11c4ca38915
cd4ce35a-d62c-4b7f-9c47-84902c2b173a
98ccce58-28fd-40d8-a3d8-bb9f9b626c59
8c0dbeec-1d15-466f-9017-8d92b5672428
ea8de593-4a57-4497-baa3-2772d3e5e0c7
f818f0a1-1868-4e10-8a92-fbdca8c2f69f
d86caa1c-ed47-4192-9094-3462f7d1e849
438ed86e-d05c-4a48-a912-74adffd4e7b9
ebc37f28-ea3d-4b5a-a256-8a1fb85a7e81
6cd11055-2324-449d-b4be-d72a9df1d717
c90649b3-cc7b-4b8b-8b4d-f8cb5cf4982d
1200b7a7-27af-41dd-8c9d-21164bfb929a
81c5e0cd-7f1d-4f13-a350-cbb73087ce01
460614c4-2566-435c-863b-976d72901d1a
f894825f-102b-48cb-b805-fc207b2acb63
0e2410d9-bf88-4962-9b0c-8ac0dcfd542a
e0b174b5-b39d-432c-b588-6b377da1e0ce
4da5ee4a-3df9-4a2e-be97-233cc0bedd01
875b1098-3b15-43b9-aed7-307befbbef32
bccacd12-e5e6-41ea-a782-8449ca0bab2f
156bbd11-2772-4810-b336-273fbcf7278f
8d0eb183-8ba9-4b18-9c85-aa88c702bb85
c8cd1480-2c7c-4edf-95b2-78b73cb51431
2a3acac2-0935-4e21-b2dc-1b3cda025469
6eaebe14-bbb0-474c-a9b9-df76a35d3f31
9937aada-7e9d-4be2-9f79-c69c96f81556
a8e7883b-68dc-43dd-9e57-75d49d2517bd
8cd807aa-6c61-4580-87e1-bac74dcdf39e
9ac2f08a-7427-4d47-a023-6b58831f1527
30a578b1-9a0a-4b6e-ad0e-eb12e77c8960
807aef00-1630-4287-a0b8-c30b81b6df6c
2260ddce-63b1-40b6-a1fd-df422b7f157d
623919ff-e53a-405d-b958-13d755ce9fd0
347dd9a6-5fd1-41ee-84ae-675bc0a07b26
f7bc8636-55fd-44eb-9b80-0263fe0c9277
c96256e2-742a-401c-8f1e-256f17516999
40c1bf3d-b59a-4558-b507-452c0253f926
ddb8fb52-dc69-459f-8606-cae691e3072b
e88ad647-d5c2-4c12-a521-f4959c3ab46c
542ed5ce-e112-4af1-9c5e-a4c1e6c88944
4bd562ea-c8d6-445c-bd77-7b1252e3f4da
d4e3abae-1c67-475f-a6b5-5c6a4b734b61
20f56cf1-44fe-476c-90b9-8ee945213f08
8eedfc98-737d-433a-b3ba-45814c2aad37
0a664735-7774-4c6a-97e5-9f8d68ab037e
6a1a4528-7615-4b8c-a8c3-25cbbf6afbe8
0a0f0c57-35e2-4fb0-a7b8-16423a3a23b1
2687d662-82d2-43a2-a79d-031c453f199d
3a7a5f50-dff2-4b8d-b511-3835c7b2e413
e45cb522-cfd5-45dd-817c-73082852a293
bc33c7f2-54de-412f-8924-ee6124f8c1c5
c65daf83-92db-4dd4-ad04-b72def5015f4
ae649abb-d0dc-41d3-b43a-140cbee0c214
b2a5ced3-30ff-4557-9cb9-574c7f580c4f
60cc0e08-417a-43b4-841d-f86f6f1cb0b8
90b1af3e-da6e-4563-9d4c-d996b3a8dd16
00f4f428-312e-4378-b6d0-33be3051a00d
f7283c5f-fcc2-45df-8e85-21d69f382513
b748bc42-4346-40a5-8877-c27ef00f701f
6ef13cce-ab55-42cc-8fd8-958c1dd59636
58d9dd7d-7426-4450-83a1-093ba7ac631a
]]></system-out>
  </testcase>
  <testcase name="testGenJwt" classname="com.itheima.TliasWebManagementApplicationTests" time="0.186">
    <system-out><![CDATA[eyJhbGciOiJIUzI1NiJ9.eyJuYW1lIjoidG9tIiwiaWQiOjEsImV4cCI6MTcwNTQwMjAwNn0.hGVXaPfxYtjn4Z3TAfIkPrB5y8Qr_Mpy3zjQclx03Ac
]]></system-out>
  </testcase>
  <testcase name="testParseJwt" classname="com.itheima.TliasWebManagementApplicationTests" time="0.026">
    <error message="JWT expired at 2024-01-02T20:07:25Z. Current time: 2024-01-16T17:46:46Z, a difference of 1201161939 milliseconds.  Allowed clock skew: 0 milliseconds." type="io.jsonwebtoken.ExpiredJwtException"><![CDATA[io.jsonwebtoken.ExpiredJwtException: JWT expired at 2024-01-02T20:07:25Z. Current time: 2024-01-16T17:46:46Z, a difference of 1201161939 milliseconds.  Allowed clock skew: 0 milliseconds.
	at io.jsonwebtoken.impl.DefaultJwtParser.parse(DefaultJwtParser.java:385)
	at io.jsonwebtoken.impl.DefaultJwtParser.parse(DefaultJwtParser.java:481)
	at io.jsonwebtoken.impl.DefaultJwtParser.parseClaimsJws(DefaultJwtParser.java:541)
	at com.itheima.TliasWebManagementApplicationTests.testParseJwt(TliasWebManagementApplicationTests.java:48)
	at java.base/java.lang.reflect.Method.invoke(Method.java:568)
	at java.base/java.util.ArrayList.forEach(ArrayList.java:1511)
	at java.base/java.util.ArrayList.forEach(ArrayList.java:1511)
]]></error>
  </testcase>
</testsuite>